<?xml version='1.0' encoding='UTF-8' ?>
<testsuite name="lk.ac.mrt.cse.dbs.simpleexpensemanager.ApplicationTest" tests="3" failures="0" errors="0" skipped="0" time="0.497" timestamp="2022-05-15T07:18:50" hostname="localhost">
  <properties>
    <property name="device" value="Pixel_3_API_28(AVD) - 9" />
    <property name="flavor" value="" />
    <property name="project" value="app" />
  </properties>
  <testcase name="testIncomeTransaction" classname="lk.ac.mrt.cse.dbs.simpleexpensemanager.ApplicationTest" time="0.017" />
  <testcase name="testExpenseTransaction" classname="lk.ac.mrt.cse.dbs.simpleexpensemanager.ApplicationTest" time="0.001" />
  <testcase name="testAddacount" classname="lk.ac.mrt.cse.dbs.simpleexpensemanager.ApplicationTest" time="0.001" />
</testsuite>